// 重构日志: e9d4c327
// 重构日志: 5da174d4
// 重构日志: b18177c2
// 重构日志: 734a8e30
// 重构日志: b9f0e0a9
// 重构日志: 65513f4d
// 同步 ID: 1c0a0d14 @ Mon Jul  6 14:14:40 UTC 2026
// 同步 ID: d5e6ebd1 @ Wed Jul  8 16:45:42 UTC 2026
// 重构日志: e91b5164
// 同步 ID: bbb58902 @ Fri Jul 10 18:56:05 UTC 2026
// 同步 ID: a7305d0c @ Sat Jul 11 06:53:00 UTC 2026
// 重构日志: 482cd34d
// 重构日志: d0592cda
// 同步 ID: 6c2fecba @ Tue Jul 14 16:56:30 UTC 2026
// 同步 ID: bf99779f @ Wed Jul 15 07:47:52 UTC 2026
// 同步 ID: 0305d2b1 @ Wed Jul 15 13:52:11 UTC 2026
// 重构日志: efaa6758
// 同步 ID: ce2c615b @ Sun Jul 19 09:42:49 UTC 2026
// 重构日志: 9a6829b7
// 重构日志: 8133124f
// 重构日志: e13689c3
